{
  "RSpec": {
    "coverage": {
      "/home/saasbook/AccountingPro/app/controllers/accounts_controller.rb": [
        1,
        1,
        null,
        1,
        null,
        1,
        1,
        1,
        1,
        1,
        1,
        null,
        null,
        null,
        1,
        1,
        null,
        null,
        0,
        null,
        null,
        1,
        1,
        1,
        0,
        0,
        0,
        0,
        null,
        null,
        null,
        1,
        1,
        null,
        null,
        1,
        1,
        null,
        null,
        1,
        0,
        0,
        0,
        null,
        null,
        null,
        1,
        1,
        1,
        1,
        null,
        null,
        1,
        1,
        1,
        null,
        null,
        1,
        3,
        3,
        3,
        3,
        null,
        null,
        1,
        4,
        4,
        null,
        null,
        1,
        2,
        2,
        null,
        null,
        1,
        1,
        8,
        null,
        null
      ],
      "/home/saasbook/AccountingPro/app/controllers/application_controller.rb": [
        1,
        1,
        null
      ],
      "/home/saasbook/AccountingPro/app/helpers/application_helper.rb": [
        1,
        null
      ],
      "/home/saasbook/AccountingPro/app/helpers/accounts_helper.rb": [
        1,
        null
      ],
      "/home/saasbook/AccountingPro/app/helpers/transactions_helper.rb": [
        1,
        null
      ],
      "/home/saasbook/AccountingPro/app/models/account.rb": [
        1,
        1,
        null,
        1,
        3,
        3,
        3,
        3,
        3,
        3,
        null,
        3,
        6,
        3,
        3,
        0,
        3,
        3,
        null,
        null,
        null,
        3,
        2,
        1,
        0,
        1,
        1,
        null,
        null,
        3,
        1,
        2,
        0,
        2,
        2,
        null,
        null,
        3,
        null,
        3,
        3,
        null,
        3,
        null,
        3,
        null,
        0,
        null,
        null,
        null,
        null
      ],
      "/home/saasbook/AccountingPro/app/controllers/transactions_controller.rb": [
        1,
        1,
        null,
        1,
        null,
        1,
        1,
        1,
        null,
        null,
        1,
        1,
        null,
        null,
        1,
        1,
        1,
        1,
        1,
        0,
        null,
        1,
        null,
        null,
        1,
        1,
        1,
        1,
        1,
        0,
        null,
        1,
        null,
        null,
        1,
        0,
        null,
        0,
        0,
        0,
        null,
        null,
        0,
        null,
        null,
        0,
        0,
        0,
        0,
        null,
        0,
        0,
        null,
        null,
        null,
        null,
        null,
        null,
        1,
        0,
        0,
        null,
        null,
        1,
        0,
        0,
        null,
        null,
        1,
        1,
        2,
        null,
        null
      ],
      "/home/saasbook/AccountingPro/app/models/transaction.rb": [
        1,
        1,
        null
      ]
    },
    "timestamp": 1422739465
  }
}
